<?xml version="1.0" encoding="UTF-8"?>
<!-- Generated by org.testng.reporters.JUnitXMLReporter -->
<testsuite ignored="0" hostname="DESKTOP-DE65HR8" failures="0" tests="1" name="Test1" time="0.181" errors="0" timestamp="2022-03-25T17:03:02 IST">
  <testcase classname="kitePOMAndTestNg.crossBroswarforKiteZeroda" name="@BeforeClass lunchBrowser" time="0.026">
    <failure type="java.lang.NullPointerException">
      <![CDATA[java.lang.NullPointerException
at kitePOMAndTestNg.crossBroswarforKiteZeroda.lunchBrowser(crossBroswarforKiteZeroda.java:53)
at java.base/java.util.ArrayList.forEach(ArrayList.java:1541)
at java.base/java.util.concurrent.FutureTask.run(FutureTask.java:264)
at java.base/java.util.concurrent.ThreadPoolExecutor.runWorker(ThreadPoolExecutor.java:1128)
at java.base/java.util.concurrent.ThreadPoolExecutor$Worker.run(ThreadPoolExecutor.java:628)
at java.base/java.lang.Thread.run(Thread.java:834)
... Removed 16 stack frames]]>
    </failure>
  </testcase> <!-- @BeforeClass lunchBrowser -->
  <testcase classname="kitePOMAndTestNg.crossBroswarforKiteZeroda" name="@BeforeMethod loginTokiteApp" time="-1.648207982509E9">
    <skipped/>
  </testcase> <!-- @BeforeMethod loginTokiteApp -->
  <testcase classname="kitePOMAndTestNg.crossBroswarforKiteZeroda" name="@AfterMethod logoutFromKiteApp" time="-1.648207982528E9">
    <skipped/>
  </testcase> <!-- @AfterMethod logoutFromKiteApp -->
  <testcase classname="kitePOMAndTestNg.crossBroswarforKiteZeroda" name="@AfterClass closeBrowser" time="-1.648207982539E9">
    <skipped/>
  </testcase> <!-- @AfterClass closeBrowser -->
  <testcase classname="kitePOMAndTestNg.crossBroswarforKiteZeroda" name="validateUserID" time="0.0">
    <skipped/>
  </testcase> <!-- validateUserID -->
</testsuite> <!-- Test1 -->
